<?xml version="1.0" encoding="UTF-8"?>
<!-- Generated by org.testng.reporters.JUnitReportReporter -->
<testsuite skipped="0" hostname="HW1430" name="com.web.poc.script.GS1_PipeLine" tests="1" failures="0" timestamp="31 Aug 2017 07:32:59 GMT" time="10.013" errors="0">
  <testcase name="GS1_PipeLine" time="10.013" classname="com.web.poc.script.GS1_PipeLine"/>
</testsuite> <!-- com.web.poc.script.GS1_PipeLine -->
