<?xml version="1.0" encoding="UTF-8"?>
<!-- Generated by org.testng.reporters.JUnitReportReporter -->
<testsuite skipped="0" hostname="HW1430" name="com.web.poc.script.GS1_HomePage" tests="1" failures="0" timestamp="30 Aug 2017 15:31:51 GMT" time="44.480" errors="0">
  <testcase name="GS1_HomePage" time="44.480" classname="com.web.poc.script.GS1_HomePage"/>
</testsuite> <!-- com.web.poc.script.GS1_HomePage -->
